#:C9     
#Xilinx FPGA Editor Command Log File
#Editor Version:
#:V   NT M2.1 P.15xf
#Current Working Directory:
#:D   C:\hlocal\pr6\MIPSMulticiclo
#Date/Time:
#:T   Wed Dec 19 11:32:42 2018
#------------------------------
	#Reading MIPSMulticiclo.ncd...
	#Loading device for application Rf_Device from file '3s1000.nph' in environment C:\software\electronica\xilinx\14.1\ISE_DS\ISE\.
	#   "MIPSMulticiclo" is an NCD, version 3.2, device xc3s1000, package ft256, speed -5
	#Design creation date: 2018.12.19.10.20.54
	#Building chip graphics...
	#Loading speed info...
	#1
setattr main edit-mode no-logic-changes
	#2
select -k comp 'rst_n'
	#3
hilite -c wheat
	#4
hilite -c tomato
	#5
unselect -all
	#6
select comp 'rst_n'
	#comp "rst_n",  site "A13",  bonded type = IOB,  pad name = PAD82,  pin name = A13  (RPM grid X99Y197)
	#7
unselect comp 'rst_n'
	#8
select -k comp 'eliminadorRebotesModo/XSync'
	#9
unselect comp 'eliminadorRebotesModo/XSync'
	#10
select -k comp 'eliminadorRebotesModo/XSyncAnterior'
	#11
unselect comp 'eliminadorRebotesModo/XSyncAnterior'
	#12
select -k comp 'eliminadorRebotesModo/XSync'
	#13
hilite -c yellow_green
